<?xml version="1.0" encoding="UTF-8" ?>
<testsuite failures="0" time="0.156" errors="0" skipped="0" tests="24" name="net.sf.jweather.tests.MetarTest">
  <properties>
[...]
</properties>
  <testcase time="0.093" classname="net.sf.jweather.tests.MetarTest" name="testClearRecord1"/>
  <testcase time="0" classname="net.sf.jweather.tests.MetarTest" name="testClearReport1"/>
  <testcase time="0" classname="net.sf.jweather.tests.MetarTest" name="testClearReportDate1"/>
  <testcase time="0" classname="net.sf.jweather.tests.MetarTest" name="testGeneral2"/>
  <testcase time="0" classname="net.sf.jweather.tests.MetarTest" name="testFractionalVisibility1"/>
  <testcase time="0" classname="net.sf.jweather.tests.MetarTest" name="testFractionalVisibility2"/>
  <testcase time="0" classname="net.sf.jweather.tests.MetarTest" name="testFractionalVisibilityInKilometers"/>
  <testcase time="0" classname="net.sf.jweather.tests.MetarTest" name="testVisibilityInKilometers"/>
  <testcase time="0" classname="net.sf.jweather.tests.MetarTest" name="testVisibilityInMeters"/>
  <testcase time="0" classname="net.sf.jweather.tests.MetarTest" name="testRainWithOutRVR"/>
  <testcase time="0" classname="net.sf.jweather.tests.MetarTest" name="testWindSpeedInMPS"/>
  <testcase time="0" classname="net.sf.jweather.tests.MetarTest" name="testCavok"/>
  <testcase time="0" classname="net.sf.jweather.tests.MetarTest" name="testVisibility"/>
  <testcase time="0" classname="net.sf.jweather.tests.MetarTest" name="testNosig"/>
  <testcase time="0" classname="net.sf.jweather.tests.MetarTest" name="testNSC"/>
  <testcase time="0" classname="net.sf.jweather.tests.MetarTest" name="testMissingDewPoint"/>
  <testcase time="0" classname="net.sf.jweather.tests.MetarTest" name="testMissingTemperature"/>
  <testcase time="0" classname="net.sf.jweather.tests.MetarTest" name="testMissingTemperatureAndDewpoint"/>
  <testcase time="0" classname="net.sf.jweather.tests.MetarTest" name="testMissingVisAndWeatherCondition"/>
  <testcase time="0" classname="net.sf.jweather.tests.MetarTest" name="testHectoPascalPressure"/>
  <testcase time="0" classname="net.sf.jweather.tests.MetarTest" name="testBecomingVisibilityHaze"/>
  <testcase time="0" classname="net.sf.jweather.tests.MetarTest" name="testVRB05"/>
  <testcase time="0.015" classname="net.sf.jweather.tests.MetarTest" name="testMissingVis"/>
  <testcase time="0" classname="net.sf.jweather.tests.MetarTest" name="testDirectionalVisibility"/>
</testsuite>